<?xml version="1.0" encoding="UTF-8"?>
<!-- Generated by org.testng.reporters.JUnitXMLReporter -->
<testsuite hostname="FINCASH-TECH6" ignored="0" name="Fincash_E2E_Automation" tests="1" failures="1" timestamp="04 Dec 2017 06:41:14 GMT" time="14.08" errors="0">
  <testcase name="verifyLoginWithInValidCredential" time="6.81" classname="login.TC002_VerifyLoginWithValidCredential">
    <failure type="java.lang.AssertionError" message="expected [ashboard | Fincash.com] but found [Dashboard | Fincash.com]">
      <![CDATA[java.lang.AssertionError: expected [ashboard | Fincash.com] but found [Dashboard | Fincash.com]
	at login.TC002_VerifyLoginWithValidCredential.verifyLoginWithInValidCredential(TC002_VerifyLoginWithValidCredential.java:34)
... Removed 30 stack frames]]>
    </failure>
  </testcase> <!-- verifyLoginWithInValidCredential -->
</testsuite> <!-- Fincash_E2E_Automation -->
