<?xml version="1.0" encoding="UTF-8"?>
<testng-results skipped="0" failed="0" ignored="0" total="2" passed="2">
  <reporter-output>
  </reporter-output>
  <suite name="Regression" duration-ms="24855" started-at="2017-12-04T07:08:35Z" finished-at="2017-12-04T07:09:00Z">
    <groups>
    </groups>
    <test name="TC001_VerifyLoginWithInvalidCredential" duration-ms="24855" started-at="2017-12-04T07:08:35Z" finished-at="2017-12-04T07:09:00Z">
      <class name="login.TC001_VerifyLoginWithInvalidCredential">
        <test-method status="PASS" signature="setup()[pri:0, instance:login.TC001_VerifyLoginWithInvalidCredential@80ec60]" name="setup" is-config="true" duration-ms="6116" started-at="2017-12-04T12:38:35Z" finished-at="2017-12-04T12:38:41Z">
          <reporter-output>
          </reporter-output>
        </test-method> <!-- setup -->
        <test-method status="PASS" signature="setup()[pri:0, instance:login.TC002_VerifyLoginWithValidCredential@13afe78]" name="setup" is-config="true" duration-ms="5244" started-at="2017-12-04T12:38:41Z" finished-at="2017-12-04T12:38:47Z">
          <reporter-output>
          </reporter-output>
        </test-method> <!-- setup -->
        <test-method status="PASS" signature="verifyLoginWithInValidCredential()[pri:0, instance:login.TC001_VerifyLoginWithInvalidCredential@80ec60]" name="verifyLoginWithInValidCredential" duration-ms="6536" started-at="2017-12-04T12:38:47Z" finished-at="2017-12-04T12:38:53Z">
          <reporter-output>
          </reporter-output>
        </test-method> <!-- verifyLoginWithInValidCredential -->
        <test-method status="PASS" signature="endTest()[pri:0, instance:login.TC001_VerifyLoginWithInvalidCredential@80ec60]" name="endTest" is-config="true" duration-ms="203" started-at="2017-12-04T12:39:00Z" finished-at="2017-12-04T12:39:00Z">
          <reporter-output>
          </reporter-output>
        </test-method> <!-- endTest -->
        <test-method status="PASS" signature="endTest()[pri:0, instance:login.TC002_VerifyLoginWithValidCredential@13afe78]" name="endTest" is-config="true" duration-ms="235" started-at="2017-12-04T12:39:00Z" finished-at="2017-12-04T12:39:00Z">
          <reporter-output>
          </reporter-output>
        </test-method> <!-- endTest -->
      </class> <!-- login.TC001_VerifyLoginWithInvalidCredential -->
      <class name="login.TC002_VerifyLoginWithValidCredential">
        <test-method status="PASS" signature="verifyLoginWithInValidCredential()[pri:0, instance:login.TC002_VerifyLoginWithValidCredential@13afe78]" name="verifyLoginWithInValidCredential" duration-ms="6497" started-at="2017-12-04T12:38:53Z" finished-at="2017-12-04T12:39:00Z">
          <reporter-output>
          </reporter-output>
        </test-method> <!-- verifyLoginWithInValidCredential -->
      </class> <!-- login.TC002_VerifyLoginWithValidCredential -->
    </test> <!-- TC001_VerifyLoginWithInvalidCredential -->
  </suite> <!-- Regression -->
</testng-results>
